16.6.2024, 22:16:09 - INFO - Server ready at port 3030
16.6.2024, 22:17:08 - INFO - Server ready at port 3030
17.6.2024, 9:28:17 - INFO - Server ready at port 3030
17.6.2024, 9:29:04 - INFO - Server ready at port 3030
17.6.2024, 9:29:29 - INFO - Server ready at port 3030
17.6.2024, 9:31:09 - INFO - Server ready at port 3030
17.6.2024, 12:16:08 - INFO - Server ready at port 3030
17.6.2024, 12:18:05 - INFO - Server ready at port 3030
17.6.2024, 12:23:49 - INFO - Server ready at port 3030
17.6.2024, 12:24:06 - INFO - Server ready at port 3030
17.6.2024, 12:24:11 - INFO - Server ready at port 3030
17.6.2024, 12:24:19 - INFO - Server ready at port 3030
17.6.2024, 12:56:52 - INFO - Server ready at port 3030
17.6.2024, 12:59:16 - INFO - Server ready at port 3030
17.6.2024, 13:01:05 - INFO - Server ready at port 3030
17.6.2024, 13:01:34 - INFO - Server ready at port 3030
17.6.2024, 13:02:32 - INFO - Server ready at port 3030
17.6.2024, 13:02:56 - INFO - Server ready at port 3030
17.6.2024, 13:03:58 - INFO - Server ready at port 3030
17.6.2024, 13:09:08 - INFO - Server ready at port 3030
17.6.2024, 13:20:07 - INFO - Server ready at port 3030
17.6.2024, 13:20:53 - INFO - Server ready at port 3030
17.6.2024, 13:21:03 - INFO - Server ready at port 3030
17.6.2024, 13:21:33 - INFO - Server ready at port 3030
17.6.2024, 13:22:06 - INFO - Server ready at port 3030
17.6.2024, 13:22:52 - INFO - Server ready at port 3030
17.6.2024, 13:23:39 - INFO - Server ready at port 3030
17.6.2024, 13:24:24 - INFO - Server ready at port 3030
17.6.2024, 13:25:25 - INFO - Server ready at port 3030
17.6.2024, 13:25:37 - INFO - Server ready at port 3030
17.6.2024, 13:27:20 - INFO - Server ready at port 3030
17.6.2024, 13:28:16 - INFO - Server ready at port 3030
17.6.2024, 13:28:30 - INFO - Server ready at port 3030
17.6.2024, 13:29:21 - INFO - Server ready at port 3030
17.6.2024, 13:31:31 - INFO - Server ready at port 3030
17.6.2024, 13:31:57 - INFO - Server ready at port 3030
17.6.2024, 13:31:58 - INFO - Server ready at port 3030
17.6.2024, 13:32:00 - INFO - Server ready at port 3030
17.6.2024, 13:34:09 - INFO - Server ready at port 3030
17.6.2024, 13:34:23 - INFO - Server ready at port 3030
17.6.2024, 13:34:46 - INFO - Server ready at port 3030
17.6.2024, 15:40:33 - INFO - Server ready at port 3030
17.6.2024, 15:41:11 - INFO - Server ready at port 3030
17.6.2024, 15:42:02 - INFO - Server ready at port 3030
17.6.2024, 15:42:14 - INFO - Server ready at port 3030
17.6.2024, 15:42:30 - INFO - Server ready at port 3030
17.6.2024, 15:42:56 - INFO - Server ready at port 3030
17.6.2024, 15:43:05 - INFO - Server ready at port 3030
17.6.2024, 15:43:16 - INFO - Server ready at port 3030
17.6.2024, 15:43:42 - INFO - Server ready at port 3030
17.6.2024, 15:43:52 - INFO - Server ready at port 3030
17.6.2024, 15:52:35 - INFO - Server ready at port 3030
17.6.2024, 17:32:29 - INFO - Server ready at port 3030
18.6.2024, 13:35:02 - INFO - Server ready at port 3030
18.6.2024, 14:24:14 - INFO - Server ready at port 3030
18.6.2024, 14:27:35 - INFO - Server ready at port 3030
18.6.2024, 14:27:41 - ERROR - Couldn't get bug... | TypeError: visitedBugs.push is not a function
18.6.2024, 14:29:20 - INFO - Server ready at port 3030
18.6.2024, 14:31:12 - INFO - Server ready at port 3030
18.6.2024, 14:31:16 - ERROR - Couldn't get bug... | TypeError: visitedBugs.push is not a function
18.6.2024, 14:38:18 - INFO - Server ready at port 3030
18.6.2024, 14:38:38 - ERROR - Couldn't get bug... | TypeError: visitedBugs.push is not a function
18.6.2024, 14:38:50 - INFO - Server ready at port 3030
18.6.2024, 14:39:18 - INFO - Server ready at port 3030
18.6.2024, 14:39:20 - ERROR - Couldn't get bug... | TypeError: visitedBugs.push is not a function
18.6.2024, 14:54:27 - ERROR - Couldn't get bug... | TypeError: visitedBugs.push is not a function
18.6.2024, 17:59:19 - INFO - Server ready at port 3030
18.6.2024, 18:00:12 - INFO - Server ready at port 3030
18.6.2024, 18:17:06 - INFO - Server ready at port 3030
18.6.2024, 18:49:49 - INFO - Server ready at port 3030
18.6.2024, 18:50:02 - INFO - Server ready at port 3030
18.6.2024, 18:59:52 - INFO - Server ready at port 3030
18.6.2024, 19:01:02 - INFO - Server ready at port 3030
18.6.2024, 19:01:42 - INFO - Server ready at port 3030
18.6.2024, 19:05:00 - INFO - Server ready at port 3030
18.6.2024, 19:05:43 - INFO - Server ready at port 3030
18.6.2024, 19:05:45 - INFO - Server ready at port 3030
18.6.2024, 19:06:27 - INFO - Server ready at port 3030
18.6.2024, 20:18:01 - INFO - Server ready at port 3030
18.6.2024, 20:42:20 - INFO - Server ready at port 3030
18.6.2024, 20:44:11 - INFO - Server ready at port 3030
21.6.2024, 13:43:10 - INFO - Server ready at port 3030
21.6.2024, 13:44:43 - INFO - Server ready at port 3030
21.6.2024, 14:40:02 - INFO - Server ready at port 3030
21.6.2024, 14:45:12 - INFO - Server ready at port 3030
21.6.2024, 14:45:17 - INFO - Server ready at port 3030
21.6.2024, 14:47:28 - INFO - Server ready at port 3030
21.6.2024, 15:07:53 - INFO - Server ready at port 3030
21.6.2024, 15:20:35 - INFO - Server ready at port 3030
21.6.2024, 15:23:36 - INFO - Server ready at port 3030
21.6.2024, 16:11:47 - INFO - Server ready at port 3030
21.6.2024, 16:12:03 - INFO - Server ready at port 3030
21.6.2024, 16:37:13 - INFO - Server ready at port 3030
21.6.2024, 16:41:41 - INFO - Server ready at port 3030
21.6.2024, 16:41:49 - INFO - Server ready at port 3030
21.6.2024, 16:41:59 - INFO - Server ready at port 3030
21.6.2024, 16:48:18 - INFO - Server ready at port 3030
21.6.2024, 20:34:52 - INFO - Server ready at port 3030
21.6.2024, 20:37:46 - INFO - Server ready at port 3030
21.6.2024, 23:07:41 - INFO - Server ready at port 3030
21.6.2024, 23:17:09 - INFO - Server ready at port 3030
21.6.2024, 23:18:48 - INFO - Server ready at port 3030
21.6.2024, 23:19:35 - INFO - Server ready at port 3030
21.6.2024, 23:19:42 - INFO - Server ready at port 3030
21.6.2024, 23:19:55 - INFO - Server ready at port 3030
21.6.2024, 23:20:39 - INFO - Server ready at port 3030
21.6.2024, 23:21:12 - INFO - Server ready at port 3030
21.6.2024, 23:21:22 - INFO - Server ready at port 3030
22.6.2024, 10:41:09 - INFO - Server ready at port 3030
22.6.2024, 10:54:12 - INFO - Server ready at port 3030
22.6.2024, 10:57:58 - INFO - Server ready at port 3030
22.6.2024, 10:58:02 - INFO - Server ready at port 3030
22.6.2024, 10:58:48 - INFO - Server ready at port 3030
22.6.2024, 11:23:16 - INFO - Server ready at port 3030
22.6.2024, 11:23:52 - INFO - Server ready at port 3030
22.6.2024, 11:24:00 - INFO - Server ready at port 3030
22.6.2024, 11:27:34 - INFO - Server ready at port 3030
22.6.2024, 11:28:40 - INFO - Server ready at port 3030
22.6.2024, 11:29:34 - INFO - Server ready at port 3030
22.6.2024, 11:29:38 - INFO - Server ready at port 3030
22.6.2024, 11:29:56 - INFO - Server ready at port 3030
22.6.2024, 11:30:59 - INFO - Server ready at port 3030
22.6.2024, 11:37:28 - INFO - Server ready at port 3030
22.6.2024, 11:45:43 - INFO - Server ready at port 3030
22.6.2024, 11:47:40 - INFO - Server ready at port 3030
22.6.2024, 11:47:43 - INFO - Server ready at port 3030
22.6.2024, 11:58:08 - INFO - Server ready at port 3030
22.6.2024, 11:58:18 - INFO - Server ready at port 3030
22.6.2024, 12:05:05 - INFO - Server ready at port 3030
22.6.2024, 12:05:28 - INFO - Server ready at port 3030
22.6.2024, 12:13:30 - INFO - Server ready at port 3030
22.6.2024, 12:14:09 - INFO - Server ready at port 3030
22.6.2024, 18:07:06 - INFO - Server ready at port 3030
22.6.2024, 18:10:39 - INFO - Server ready at port 3030
22.6.2024, 18:11:00 - INFO - Server ready at port 3030
22.6.2024, 18:34:49 - INFO - Server ready at port 3030
22.6.2024, 18:53:55 - INFO - Server ready at port 3030
22.6.2024, 18:54:44 - INFO - Server ready at port 3030
22.6.2024, 19:47:23 - INFO - Server ready at port 3030
22.6.2024, 19:48:04 - INFO - Server ready at port 3030
22.6.2024, 19:49:22 - INFO - Server ready at port 3030
22.6.2024, 21:39:33 - INFO - Server ready at port 3030
23.6.2024, 14:01:27 - INFO - Server ready at port 3030
23.6.2024, 14:36:09 - INFO - Server ready at port 3030
23.6.2024, 14:37:23 - INFO - Server ready at port 3030
23.6.2024, 14:44:02 - INFO - Server ready at port 3030
23.6.2024, 14:46:32 - INFO - Server ready at port 3030
23.6.2024, 14:52:59 - INFO - Server ready at port 3030
23.6.2024, 14:53:40 - INFO - Server ready at port 3030
23.6.2024, 14:55:44 - INFO - Server ready at port 3030
23.6.2024, 19:34:06 - INFO - Server ready at port 3030
23.6.2024, 19:34:18 - INFO - Server ready at port 3030
23.6.2024, 19:45:31 - INFO - Server ready at port 3030
23.6.2024, 19:47:52 - INFO - Server ready at port 3030
23.6.2024, 20:00:07 - INFO - Server ready at port 3030
23.6.2024, 20:00:58 - INFO - Server ready at port 3030
23.6.2024, 20:09:48 - INFO - Server ready at port 3030
23.6.2024, 20:10:27 - INFO - Server ready at port 3030
23.6.2024, 21:48:04 - INFO - Server ready at port 3030
23.6.2024, 22:52:57 - INFO - Server ready at port 3030
23.6.2024, 22:54:01 - INFO - Server ready at port 3030
23.6.2024, 23:06:13 - INFO - Server ready at port 3030
23.6.2024, 23:08:22 - INFO - Server ready at port 3030
23.6.2024, 23:10:31 - INFO - Server ready at port 3030
23.6.2024, 23:11:12 - INFO - Server ready at port 3030
23.6.2024, 23:11:48 - INFO - Server ready at port 3030
23.6.2024, 23:13:03 - INFO - Server ready at port 3030
23.6.2024, 23:13:58 - INFO - Server ready at port 3030
23.6.2024, 23:14:16 - INFO - Server ready at port 3030
23.6.2024, 23:14:37 - INFO - Server ready at port 3030
23.6.2024, 23:20:32 - INFO - Server ready at port 3030
23.6.2024, 23:21:58 - INFO - Server ready at port 3030
23.6.2024, 23:22:57 - INFO - Server ready at port 3030
23.6.2024, 23:23:11 - INFO - Server ready at port 3030
23.6.2024, 23:23:16 - INFO - Server ready at port 3030
23.6.2024, 23:23:22 - INFO - Server ready at port 3030
23.6.2024, 23:24:25 - INFO - Server ready at port 3030
23.6.2024, 23:26:27 - INFO - Server ready at port 3030
23.6.2024, 23:27:24 - INFO - Server ready at port 3030
23.6.2024, 23:29:10 - INFO - Server ready at port 3030
23.6.2024, 23:32:07 - INFO - Server ready at port 3030
23.6.2024, 23:36:48 - INFO - Server ready at port 3030
23.6.2024, 23:36:54 - INFO - Server ready at port 3030
23.6.2024, 23:38:19 - INFO - Server ready at port 3030
23.6.2024, 23:39:16 - INFO - Server ready at port 3030
23.6.2024, 23:39:30 - INFO - Server ready at port 3030
24.6.2024, 10:27:22 - INFO - Server ready at port 3030
24.6.2024, 10:44:49 - INFO - Server ready at port 3030
24.6.2024, 10:45:15 - INFO - Server ready at port 3030
24.6.2024, 10:56:21 - INFO - Server ready at port 3030
24.6.2024, 10:57:12 - INFO - Server ready at port 3030
24.6.2024, 10:57:19 - INFO - Server ready at port 3030
24.6.2024, 10:57:52 - INFO - Server ready at port 3030
24.6.2024, 10:59:41 - INFO - Server ready at port 3030
24.6.2024, 11:02:35 - INFO - Server ready at port 3030
24.6.2024, 11:03:50 - INFO - Server ready at port 3030
24.6.2024, 11:05:34 - INFO - Server ready at port 3030
24.6.2024, 16:52:05 - INFO - Server ready at port 3030
24.6.2024, 19:06:14 - INFO - Server ready at port 3030
24.6.2024, 19:06:30 - INFO - Server ready at port 3030
25.6.2024, 12:40:48 - INFO - Server ready at port 3030
25.6.2024, 12:40:57 - INFO - Server ready at port 3030
25.6.2024, 12:45:51 - INFO - Server ready at port 3030
25.6.2024, 12:45:57 - INFO - Server ready at port 3030
25.6.2024, 12:50:44 - INFO - Server ready at port 3030
25.6.2024, 12:51:37 - INFO - Server ready at port 3030
25.6.2024, 12:51:43 - INFO - Server ready at port 3030
25.6.2024, 13:08:00 - INFO - Server ready at port 3030
25.6.2024, 13:12:16 - INFO - Server ready at port 3030
25.6.2024, 13:12:33 - INFO - Server ready at port 3030
25.6.2024, 13:12:49 - INFO - Server ready at port 3030
25.6.2024, 13:13:06 - INFO - Server ready at port 3030
25.6.2024, 13:13:26 - INFO - Server ready at port 3030
25.6.2024, 13:23:32 - INFO - Server ready at port 3030
25.6.2024, 13:23:47 - INFO - Server ready at port 3030
25.6.2024, 13:23:50 - INFO - Server ready at port 3030
25.6.2024, 13:24:19 - INFO - Server ready at port 3030
25.6.2024, 13:24:21 - INFO - Server ready at port 3030
25.6.2024, 13:25:30 - INFO - Server ready at port 3030
25.6.2024, 13:35:05 - INFO - Server ready at port 3030
25.6.2024, 13:35:21 - INFO - Server ready at port 3030
25.6.2024, 14:24:21 - INFO - Server ready at port 3030
25.6.2024, 14:24:30 - INFO - Server ready at port 3030
25.6.2024, 14:37:55 - INFO - Server ready at port 3030
25.6.2024, 14:38:36 - INFO - Server ready at port 3030
25.6.2024, 14:39:12 - INFO - Server ready at port 3030
25.6.2024, 14:39:39 - INFO - Server ready at port 3030
25.6.2024, 14:39:43 - INFO - Server ready at port 3030
25.6.2024, 14:40:08 - INFO - Server ready at port 3030
25.6.2024, 14:46:44 - INFO - Server ready at port 3030
25.6.2024, 14:47:10 - INFO - Server ready at port 3030
25.6.2024, 14:49:26 - INFO - Server ready at port 3030
25.6.2024, 14:49:44 - INFO - Server ready at port 3030
25.6.2024, 14:50:02 - INFO - Server ready at port 3030
25.6.2024, 14:57:06 - INFO - Server ready at port 3030
25.6.2024, 14:59:58 - INFO - Server ready at port 3030
25.6.2024, 15:06:03 - INFO - Server ready at port 3030
25.6.2024, 15:08:06 - INFO - Server ready at port 3030
25.6.2024, 15:08:52 - INFO - Server ready at port 3030
25.6.2024, 15:09:07 - INFO - Server ready at port 3030
25.6.2024, 15:09:23 - INFO - Server ready at port 3030
25.6.2024, 15:09:54 - INFO - Server ready at port 3030
25.6.2024, 18:44:47 - INFO - Server ready at port 3030
25.6.2024, 18:46:39 - INFO - Server ready at port 3030
25.6.2024, 19:21:29 - INFO - Server ready at port 3030
25.6.2024, 19:21:36 - INFO - Server ready at port 3030
25.6.2024, 19:27:30 - INFO - Server ready at port 3030
25.6.2024, 19:30:00 - INFO - Server ready at port 3030
25.6.2024, 19:37:28 - INFO - Server ready at port 3030
25.6.2024, 19:37:42 - INFO - Server ready at port 3030
25.6.2024, 19:56:48 - INFO - Server ready at port 3030
25.6.2024, 19:56:50 - ERROR - Couldn't get Labels... | TypeError: bug.labels is not iterable
25.6.2024, 19:57:14 - ERROR - Couldn't get Labels... | TypeError: bug.labels is not iterable
25.6.2024, 19:57:27 - ERROR - Couldn't get Labels... | TypeError: bug.labels is not iterable
25.6.2024, 19:58:12 - INFO - Server ready at port 3030
25.6.2024, 20:11:09 - INFO - Server ready at port 3030
25.6.2024, 20:14:25 - INFO - Server ready at port 3030
25.6.2024, 20:15:03 - INFO - Server ready at port 3030
25.6.2024, 20:20:57 - INFO - Server ready at port 3030
25.6.2024, 20:21:10 - INFO - Server ready at port 3030
25.6.2024, 20:21:29 - INFO - Server ready at port 3030
25.6.2024, 20:22:25 - INFO - Server ready at port 3030
25.6.2024, 20:22:39 - INFO - Server ready at port 3030
25.6.2024, 20:22:49 - INFO - Server ready at port 3030
25.6.2024, 20:41:07 - INFO - Server ready at port 3030
26.6.2024, 15:33:39 - INFO - Server ready at port 3030
26.6.2024, 15:43:00 - INFO - Server ready at port 3030
26.6.2024, 15:45:53 - INFO - Server ready at port 3030
29.6.2024, 14:56:27 - INFO - Server ready at port 3030
29.6.2024, 15:12:42 - INFO - Server ready at port 3030
29.6.2024, 15:14:27 - INFO - Server ready at port 3030
29.6.2024, 15:14:58 - INFO - Server ready at port 3030
29.6.2024, 15:15:45 - INFO - Server ready at port 3030
29.6.2024, 15:37:15 - INFO - Server ready at port 3030
29.6.2024, 16:29:26 - INFO - Server ready at port 3030
29.6.2024, 16:29:54 - INFO - Server ready at port 3030
29.6.2024, 17:02:57 - INFO - Server ready at port 3030
29.6.2024, 17:09:58 - INFO - Server ready at port 3030
29.6.2024, 17:10:59 - INFO - Server ready at port 3030
29.6.2024, 17:11:31 - INFO - Server ready at port 3030
29.6.2024, 19:14:20 - INFO - Server ready at port 3030
29.6.2024, 19:14:28 - INFO - Server ready at port 3030
29.6.2024, 20:07:09 - INFO - Server ready at port 3030
29.6.2024, 20:08:02 - INFO - Server ready at port 3030
29.6.2024, 20:16:30 - INFO - Server ready at port 3030
29.6.2024, 20:17:00 - INFO - Server ready at port 3030
29.6.2024, 20:17:40 - INFO - Server ready at port 3030
29.6.2024, 20:17:54 - INFO - Server ready at port 3030
29.6.2024, 20:54:31 - INFO - Server ready at port 3030
29.6.2024, 20:57:06 - INFO - Server ready at port 3030
29.6.2024, 20:57:32 - INFO - Server ready at port 3030
29.6.2024, 20:58:11 - INFO - Server ready at port 3030
29.6.2024, 20:58:18 - INFO - Server ready at port 3030
29.6.2024, 20:59:23 - INFO - Server ready at port 3030
29.6.2024, 21:15:05 - INFO - Server ready at port 3030
29.6.2024, 21:15:38 - INFO - Server ready at port 3030
29.6.2024, 21:17:00 - INFO - Server ready at port 3030
29.6.2024, 21:17:41 - INFO - Server ready at port 3030
29.6.2024, 21:17:49 - INFO - Server ready at port 3030
29.6.2024, 21:18:16 - INFO - Server ready at port 3030
29.6.2024, 21:18:25 - INFO - Server ready at port 3030
29.6.2024, 21:20:51 - INFO - Server ready at port 3030
29.6.2024, 21:21:43 - INFO - Server ready at port 3030
29.6.2024, 22:05:10 - INFO - Server ready at port 3030
29.6.2024, 22:05:33 - INFO - Server ready at port 3030
30.6.2024, 13:28:48 - INFO - Server ready at port 3030
30.6.2024, 13:53:40 - INFO - Server ready at port 3030
30.6.2024, 14:22:44 - INFO - Server ready at port 3030
30.6.2024, 14:30:50 - INFO - Server ready at port 3030
30.6.2024, 14:36:05 - INFO - Server ready at port 3030
30.6.2024, 14:52:26 - INFO - Server ready at port 3030
30.6.2024, 14:52:29 - INFO - Server ready at port 3030
30.6.2024, 14:54:04 - INFO - Server ready at port 3030
30.6.2024, 14:54:21 - INFO - Server ready at port 3030
30.6.2024, 15:41:38 - INFO - Server ready at port 3030
30.6.2024, 15:41:53 - INFO - Server ready at port 3030
30.6.2024, 15:43:36 - INFO - Server ready at port 3030
30.6.2024, 16:03:12 - ERROR - Invalid Credentials... | Error: value must not be null or undefined
30.6.2024, 16:03:30 - ERROR - Invalid Credentials... | Error: value must not be null or undefined
30.6.2024, 19:17:05 - INFO - Server ready at port 3030
30.6.2024, 19:17:46 - INFO - Server ready at port 3030
30.6.2024, 19:24:26 - INFO - Server ready at port 3030
30.6.2024, 19:25:06 - INFO - Server ready at port 3030
30.6.2024, 19:25:30 - INFO - Server ready at port 3030
30.6.2024, 19:48:53 - INFO - Server ready at port 3030
30.6.2024, 20:08:55 - INFO - Server ready at port 3030
30.6.2024, 20:19:30 - INFO - Server ready at port 3030
30.6.2024, 20:21:36 - INFO - Server ready at port 3030
30.6.2024, 20:23:46 - INFO - Server ready at port 3030
30.6.2024, 20:24:19 - INFO - Server ready at port 3030
30.6.2024, 20:24:53 - INFO - Server ready at port 3030
30.6.2024, 20:25:00 - INFO - Server ready at port 3030
30.6.2024, 20:26:54 - INFO - Server ready at port 3030
30.6.2024, 20:29:38 - INFO - Server ready at port 3030
30.6.2024, 20:36:03 - INFO - Server ready at port 3030
30.6.2024, 20:36:49 - INFO - Server ready at port 3030
30.6.2024, 20:37:25 - INFO - Server ready at port 3030
30.6.2024, 20:37:34 - INFO - Server ready at port 3030
30.6.2024, 20:42:50 - INFO - Server ready at port 3030
30.6.2024, 20:42:56 - INFO - Server ready at port 3030
30.6.2024, 20:43:13 - INFO - Server ready at port 3030
30.6.2024, 20:47:02 - INFO - Server ready at port 3030
30.6.2024, 20:50:28 - INFO - Server ready at port 3030
30.6.2024, 20:50:33 - INFO - Server ready at port 3030
30.6.2024, 20:58:55 - INFO - Server ready at port 3030
30.6.2024, 20:59:20 - INFO - Server ready at port 3030
30.6.2024, 20:59:22 - INFO - Server ready at port 3030
30.6.2024, 22:10:19 - INFO - Server ready at port 3030
30.6.2024, 22:12:09 - INFO - Server ready at port 3030
30.6.2024, 22:14:32 - INFO - Server ready at port 3030
30.6.2024, 22:15:02 - INFO - Server ready at port 3030
30.6.2024, 22:26:45 - INFO - Server ready at port 3030
30.6.2024, 22:27:13 - ERROR - Couldn't remove bug... | Not your bug
30.6.2024, 22:28:53 - ERROR - Couldn't remove bug... | Not your bug
30.6.2024, 22:29:07 - INFO - Server ready at port 3030
30.6.2024, 23:11:20 - INFO - Server ready at port 3030
30.6.2024, 23:11:39 - INFO - Server ready at port 3030
30.6.2024, 23:11:52 - INFO - Server ready at port 3030
30.6.2024, 23:12:17 - INFO - Server ready at port 3030
30.6.2024, 23:12:42 - INFO - Server ready at port 3030
30.6.2024, 23:12:52 - INFO - Server ready at port 3030
30.6.2024, 23:13:28 - INFO - Server ready at port 3030
30.6.2024, 23:13:48 - INFO - Server ready at port 3030
30.6.2024, 23:15:30 - INFO - Server ready at port 3030
30.6.2024, 23:15:35 - INFO - Server ready at port 3030
30.6.2024, 23:16:09 - INFO - Server ready at port 3030
30.6.2024, 23:17:15 - INFO - Server ready at port 3030
30.6.2024, 23:18:51 - INFO - Server ready at port 3030
30.6.2024, 23:19:58 - INFO - Server ready at port 3030
30.6.2024, 23:20:27 - INFO - Server ready at port 3030
30.6.2024, 23:21:39 - INFO - Server ready at port 3030
30.6.2024, 23:21:43 - INFO - Server ready at port 3030
30.6.2024, 23:21:44 - INFO - Server ready at port 3030
30.6.2024, 23:23:54 - INFO - Server ready at port 3030
30.6.2024, 23:24:29 - INFO - Server ready at port 3030
30.6.2024, 23:24:34 - INFO - Server ready at port 3030
30.6.2024, 23:25:10 - INFO - Server ready at port 3030
30.6.2024, 23:26:53 - INFO - Server ready at port 3030
30.6.2024, 23:26:59 - INFO - Server ready at port 3030
30.6.2024, 23:27:05 - ERROR - Couldn't get Labels... | TypeError: bug.labels is not iterable
1.7.2024, 10:33:08 - ERROR - Couldn't get Labels... | TypeError: bug.labels is not iterable
1.7.2024, 10:33:56 - INFO - Server ready at port 3030
1.7.2024, 10:34:03 - ERROR - Couldn't get Labels... | TypeError: bug.labels is not iterable
1.7.2024, 10:35:23 - ERROR - Couldn't get Labels... | TypeError: bug.labels is not iterable
1.7.2024, 10:35:48 - INFO - Server ready at port 3030
1.7.2024, 10:39:09 - INFO - Server ready at port 3030
1.7.2024, 10:39:45 - ERROR - Invalid Credentials... | Error: value must not be null or undefined
1.7.2024, 10:40:16 - ERROR - Couldn't remove bug... | Not your bug
1.7.2024, 10:40:26 - ERROR - Couldn't save bug... | Not your bug
1.7.2024, 10:41:17 - INFO - Server ready at port 3030
1.7.2024, 10:42:01 - INFO - Server ready at port 3030
1.7.2024, 10:42:13 - INFO - Server ready at port 3030
1.7.2024, 10:48:07 - INFO - Server ready at port 3030
1.7.2024, 10:49:42 - INFO - Server ready at port 3030
1.7.2024, 10:49:54 - INFO - Server ready at port 3030
1.7.2024, 10:50:04 - INFO - Server ready at port 3030
1.7.2024, 10:50:14 - INFO - Server ready at port 3030
1.7.2024, 10:50:40 - INFO - Server ready at port 3030
1.7.2024, 10:50:44 - INFO - Server ready at port 3030
1.7.2024, 10:50:53 - INFO - Server ready at port 3030
